[debug] [2020-12-20T07:16:11.558Z] ----------------------------------------------------------------------
[debug] [2020-12-20T07:16:11.564Z] Command:       C:\Program Files\nodejs\node.exe C:\Users\S H O U R O V\AppData\Local\Yarn\Data\global\node_modules\firebase-tools\lib\bin\firebase.js init
[debug] [2020-12-20T07:16:11.564Z] CLI Version:   9.0.1
[debug] [2020-12-20T07:16:11.564Z] Platform:      win32
[debug] [2020-12-20T07:16:11.564Z] Node Version:  v12.18.0
[debug] [2020-12-20T07:16:11.666Z] Time:          Sun Dec 20 2020 13:16:11 GMT+0600 (Bangladesh Standard Time)
[debug] [2020-12-20T07:16:11.666Z] ----------------------------------------------------------------------
[debug] [2020-12-20T07:16:11.666Z] 
[debug] [2020-12-20T07:16:11.714Z] >>> [apiv2][query] GET https://firebase-public.firebaseio.com/cli.json [none]
[debug] [2020-12-20T07:16:11.865Z] > command requires scopes: ["email","openid","https://www.googleapis.com/auth/cloudplatformprojects.readonly","https://www.googleapis.com/auth/firebase","https://www.googleapis.com/auth/cloud-platform"]
[debug] [2020-12-20T07:16:11.865Z] > authorizing via signed-in user
[info] 
     ######## #### ########  ######## ########     ###     ######  ########
     ##        ##  ##     ## ##       ##     ##  ##   ##  ##       ##
     ######    ##  ########  ######   ########  #########  ######  ######
     ##        ##  ##    ##  ##       ##     ## ##     ##       ## ##
     ##       #### ##     ## ######## ########  ##     ##  ######  ########

You're about to initialize a Firebase project in this directory:

  C:\code\Cinema-Hall\client

Before we get started, keep in mind:

  * You are currently outside your home directory

[debug] [2020-12-20T07:16:14.042Z] <<< [apiv2][status] GET https://firebase-public.firebaseio.com/cli.json 200
[debug] [2020-12-20T07:16:14.043Z] <<< [apiv2][body] GET https://firebase-public.firebaseio.com/cli.json {"cloudBuildErrorAfter":1594252800000,"cloudBuildWarnAfter":1590019200000,"defaultNode10After":1594252800000,"minVersion":"3.0.5","node8DeploysDisabledAfter":1613390400000,"node8RuntimeDisabledAfter":1615809600000,"node8WarnAfter":1600128000000}
